2022-08-14 06:02:18,982 [NonParallelWorker] INFO Translate__Google.Utility.lognet - generateReport
2022-08-14 06:02:18,993 [NonParallelWorker] INFO Translate__Google.Utility.lognet - Generate extent report
2022-08-14 06:02:20,187 [NonParallelWorker] INFO Translate__Google.Utility.lognet - InitializeDriver
2022-08-14 06:02:21,666 [NonParallelWorker] INFO Translate__Google.Utility.lognet - NavigateURL
2022-08-14 06:02:21,865 [NonParallelWorker] INFO Translate__Google.Utility.lognet - ClickAndSendKeys
2022-08-14 06:02:21,972 [NonParallelWorker] INFO Translate__Google.Utility.lognet - SelectElement
2022-08-14 06:02:28,255 [NonParallelWorker] INFO Translate__Google.Utility.lognet - DriverClose
2022-08-14 06:02:30,269 [NonParallelWorker] INFO Translate__Google.Utility.lognet - flushReport
2022-08-14 06:03:18,030 [NonParallelWorker] INFO Translate__Google.Utility.lognet - generateReport
2022-08-14 06:03:18,039 [NonParallelWorker] INFO Translate__Google.Utility.lognet - Generate extent report
2022-08-14 06:03:19,285 [NonParallelWorker] INFO Translate__Google.Utility.lognet - InitializeDriver
2022-08-14 06:03:20,787 [NonParallelWorker] INFO Translate__Google.Utility.lognet - NavigateURL
2022-08-14 06:03:20,958 [NonParallelWorker] INFO Translate__Google.Utility.lognet - ClickAndSendKeys
2022-08-14 06:03:21,056 [NonParallelWorker] INFO Translate__Google.Utility.lognet - SelectElement
2022-08-14 06:03:27,343 [NonParallelWorker] INFO Translate__Google.Utility.lognet - DriverClose
2022-08-14 06:03:29,358 [NonParallelWorker] INFO Translate__Google.Utility.lognet - flushReport
2022-08-14 06:05:47,130 [NonParallelWorker] INFO Translate__Google.Utility.lognet - generateReport
2022-08-14 06:05:47,144 [NonParallelWorker] INFO Translate__Google.Utility.lognet - Generate extent report
2022-08-14 06:05:48,900 [NonParallelWorker] INFO Translate__Google.Utility.lognet - InitializeDriver
2022-08-14 06:05:50,501 [NonParallelWorker] INFO Translate__Google.Utility.lognet - NavigateURL
2022-08-14 06:05:50,672 [NonParallelWorker] INFO Translate__Google.Utility.lognet - ClickAndSendKeys
2022-08-14 06:05:50,785 [NonParallelWorker] INFO Translate__Google.Utility.lognet - SelectElement
2022-08-14 06:05:57,088 [NonParallelWorker] INFO Translate__Google.Utility.lognet - DriverClose
2022-08-14 06:05:59,095 [NonParallelWorker] INFO Translate__Google.Utility.lognet - flushReport
2022-08-14 06:06:55,233 [NonParallelWorker] INFO Translate__Google.Utility.lognet - generateReport
2022-08-14 06:06:55,242 [NonParallelWorker] INFO Translate__Google.Utility.lognet - Generate extent report
2022-08-14 06:06:56,890 [NonParallelWorker] INFO Translate__Google.Utility.lognet - InitializeDriver
2022-08-14 06:06:58,100 [NonParallelWorker] INFO Translate__Google.Utility.lognet - NavigateURL
2022-08-14 06:06:58,273 [NonParallelWorker] INFO Translate__Google.Utility.lognet - ClickAndSendKeys
2022-08-14 06:06:58,368 [NonParallelWorker] INFO Translate__Google.Utility.lognet - SelectElement
2022-08-14 06:07:04,636 [NonParallelWorker] INFO Translate__Google.Utility.lognet - DriverClose
2022-08-14 06:07:06,643 [NonParallelWorker] INFO Translate__Google.Utility.lognet - flushReport
2022-08-14 06:08:11,229 [NonParallelWorker] INFO Translate__Google.Utility.lognet - generateReport
2022-08-14 06:08:11,246 [NonParallelWorker] INFO Translate__Google.Utility.lognet - Generate extent report
2022-08-14 06:08:12,387 [NonParallelWorker] INFO Translate__Google.Utility.lognet - InitializeDriver
2022-08-14 06:08:13,531 [NonParallelWorker] INFO Translate__Google.Utility.lognet - NavigateURL
2022-08-14 06:08:13,699 [NonParallelWorker] INFO Translate__Google.Utility.lognet - ClickAndSendKeys
2022-08-14 06:08:13,799 [NonParallelWorker] INFO Translate__Google.Utility.lognet - SelectElement
2022-08-14 06:08:20,103 [NonParallelWorker] INFO Translate__Google.Utility.lognet - DriverClose
2022-08-14 06:08:22,120 [NonParallelWorker] INFO Translate__Google.Utility.lognet - flushReport
2022-08-14 06:08:54,406 [NonParallelWorker] INFO Translate__Google.Utility.lognet - generateReport
2022-08-14 06:08:54,417 [NonParallelWorker] INFO Translate__Google.Utility.lognet - Generate extent report
2022-08-14 06:08:55,496 [NonParallelWorker] INFO Translate__Google.Utility.lognet - InitializeDriver
2022-08-14 06:08:57,031 [NonParallelWorker] INFO Translate__Google.Utility.lognet - NavigateURL
2022-08-14 06:08:57,215 [NonParallelWorker] INFO Translate__Google.Utility.lognet - ClickAndSendKeys
2022-08-14 06:08:57,313 [NonParallelWorker] INFO Translate__Google.Utility.lognet - SelectElement
2022-08-14 06:09:03,595 [NonParallelWorker] INFO Translate__Google.Utility.lognet - DriverClose
2022-08-14 06:09:05,605 [NonParallelWorker] INFO Translate__Google.Utility.lognet - flushReport
2022-08-14 06:18:07,550 [NonParallelWorker] INFO Translate__Google.Utility.lognet - generateReport
2022-08-14 06:18:07,558 [NonParallelWorker] INFO Translate__Google.Utility.lognet - Generate extent report
2022-08-14 06:18:09,317 [NonParallelWorker] INFO Translate__Google.Utility.lognet - InitializeDriver
2022-08-14 06:18:09,317 [NonParallelWorker] INFO Translate__Google.Utility.lognet - InitializeDriver
2022-08-14 06:18:10,765 [NonParallelWorker] INFO Translate__Google.Utility.lognet - NavigateURL
2022-08-14 06:18:10,946 [NonParallelWorker] INFO Translate__Google.Utility.lognet - ClickAndSendKeys
2022-08-14 06:18:11,058 [NonParallelWorker] INFO Translate__Google.Utility.lognet - SelectElement
2022-08-14 06:18:13,197 [NonParallelWorker] INFO Translate__Google.Utility.lognet - Navigate URL
2022-08-14 06:18:17,356 [NonParallelWorker] INFO Translate__Google.Utility.lognet - DriverClose
2022-08-14 06:18:25,446 [NonParallelWorker] INFO Translate__Google.Utility.lognet - flushReport
2022-08-14 06:18:25,446 [NonParallelWorker] INFO Translate__Google.Utility.lognet - Driver Close
2022-08-14 06:19:55,710 [NonParallelWorker] INFO Translate__Google.Utility.lognet - generateReport
2022-08-14 06:19:55,731 [NonParallelWorker] INFO Translate__Google.Utility.lognet - Generate report
2022-08-14 06:19:56,964 [NonParallelWorker] INFO Translate__Google.Utility.lognet - InitializeDriver
2022-08-14 06:19:56,964 [NonParallelWorker] INFO Translate__Google.Utility.lognet - Initialize Driver
2022-08-14 06:19:58,401 [NonParallelWorker] INFO Translate__Google.Utility.lognet - NavigateURL
2022-08-14 06:19:58,574 [NonParallelWorker] INFO Translate__Google.Utility.lognet - ClickAndSendKeys
2022-08-14 06:19:58,681 [NonParallelWorker] INFO Translate__Google.Utility.lognet - SelectElement
2022-08-14 06:20:00,809 [NonParallelWorker] INFO Translate__Google.Utility.lognet - Navigate URL
2022-08-14 06:20:04,966 [NonParallelWorker] INFO Translate__Google.Utility.lognet - DriverClose
2022-08-14 06:20:11,882 [NonParallelWorker] INFO Translate__Google.Utility.lognet - flushReport
2022-08-14 06:20:11,882 [NonParallelWorker] INFO Translate__Google.Utility.lognet - Driver Close
2022-08-14 15:55:09,717 [NonParallelWorker] INFO Translate__Google.Utility.lognet - generateReport
2022-08-14 15:55:09,729 [NonParallelWorker] INFO Translate__Google.Utility.lognet - Generate report
2022-08-14 15:55:12,209 [NonParallelWorker] INFO Translate__Google.Utility.lognet - InitializeDriver
2022-08-14 15:55:12,209 [NonParallelWorker] INFO Translate__Google.Utility.lognet - Initialize Driver
2022-08-14 15:55:13,660 [NonParallelWorker] INFO Translate__Google.Utility.lognet - NavigateURL
2022-08-14 15:55:13,952 [NonParallelWorker] INFO Translate__Google.Utility.lognet - ClickAndSendKeys
2022-08-14 15:55:14,165 [NonParallelWorker] INFO Translate__Google.Utility.lognet - SelectElement
2022-08-14 15:55:16,307 [NonParallelWorker] INFO Translate__Google.Utility.lognet - Navigate URL
2022-08-14 15:55:16,523 [NonParallelWorker] INFO Translate__Google.Utility.lognet - DriverClose
2022-08-14 15:55:25,274 [NonParallelWorker] INFO Translate__Google.Utility.lognet - flushReport
2022-08-14 15:55:25,274 [NonParallelWorker] INFO Translate__Google.Utility.lognet - Driver Close
2022-08-14 16:20:16,514 [NonParallelWorker] INFO Translate__Google.Utility.lognet - generateReport
2022-08-14 16:20:16,526 [NonParallelWorker] INFO Translate__Google.Utility.lognet - Generate report
2022-08-14 16:20:18,046 [NonParallelWorker] INFO Translate__Google.Utility.lognet - InitializeDriver
2022-08-14 16:20:18,046 [NonParallelWorker] INFO Translate__Google.Utility.lognet - Initialize Driver
2022-08-14 16:20:19,389 [NonParallelWorker] INFO Translate__Google.Utility.lognet - NavigateURL
2022-08-14 16:20:19,617 [NonParallelWorker] INFO Translate__Google.Utility.lognet - ClickAndSendKeys
2022-08-14 16:20:19,760 [NonParallelWorker] INFO Translate__Google.Utility.lognet - SelectElement
2022-08-14 16:20:20,418 [NonParallelWorker] INFO Translate__Google.Utility.lognet - DriverClose
2022-08-14 16:20:28,216 [NonParallelWorker] INFO Translate__Google.Utility.lognet - flushReport
2022-08-14 16:20:28,216 [NonParallelWorker] INFO Translate__Google.Utility.lognet - Driver Close
2022-08-14 16:23:54,578 [NonParallelWorker] INFO Translate__Google.Utility.lognet - generateReport
2022-08-14 16:23:54,588 [NonParallelWorker] INFO Translate__Google.Utility.lognet - Generate report
2022-08-14 16:23:56,049 [NonParallelWorker] INFO Translate__Google.Utility.lognet - InitializeDriver
2022-08-14 16:23:56,049 [NonParallelWorker] INFO Translate__Google.Utility.lognet - Initialize Driver
2022-08-14 16:23:57,681 [NonParallelWorker] INFO Translate__Google.Utility.lognet - NavigateURL
2022-08-14 16:23:58,011 [NonParallelWorker] INFO Translate__Google.Utility.lognet - ClickAndSendKeys
2022-08-14 16:23:58,195 [NonParallelWorker] INFO Translate__Google.Utility.lognet - SelectElement
2022-08-14 16:24:02,607 [NonParallelWorker] INFO Translate__Google.Utility.lognet - DriverClose
2022-08-14 16:24:10,390 [NonParallelWorker] INFO Translate__Google.Utility.lognet - flushReport
2022-08-14 16:24:10,390 [NonParallelWorker] INFO Translate__Google.Utility.lognet - Driver Close
2022-08-14 16:31:34,654 [NonParallelWorker] INFO Translate__Google.Utility.lognet - generateReport
2022-08-14 16:31:34,664 [NonParallelWorker] INFO Translate__Google.Utility.lognet - Generate report
2022-08-14 16:31:36,116 [NonParallelWorker] INFO Translate__Google.Utility.lognet - InitializeDriver
2022-08-14 16:31:36,116 [NonParallelWorker] INFO Translate__Google.Utility.lognet - Initialize Driver
2022-08-14 16:31:37,472 [NonParallelWorker] INFO Translate__Google.Utility.lognet - NavigateURL
2022-08-14 16:31:37,766 [NonParallelWorker] INFO Translate__Google.Utility.lognet - ClickAndSendKeys
2022-08-14 16:31:37,974 [NonParallelWorker] INFO Translate__Google.Utility.lognet - SelectElement
2022-08-14 16:31:42,267 [NonParallelWorker] INFO Translate__Google.Utility.lognet - DriverClose
2022-08-14 16:31:50,813 [NonParallelWorker] INFO Translate__Google.Utility.lognet - flushReport
2022-08-14 16:31:50,813 [NonParallelWorker] INFO Translate__Google.Utility.lognet - Driver Close
2022-08-14 16:31:58,623 [NonParallelWorker] INFO Translate__Google.Utility.lognet - generateReport
2022-08-14 16:31:58,633 [NonParallelWorker] INFO Translate__Google.Utility.lognet - Generate report
2022-08-14 16:32:00,108 [NonParallelWorker] INFO Translate__Google.Utility.lognet - InitializeDriver
2022-08-14 16:32:00,108 [NonParallelWorker] INFO Translate__Google.Utility.lognet - Initialize Driver
2022-08-14 16:32:01,459 [NonParallelWorker] INFO Translate__Google.Utility.lognet - NavigateURL
2022-08-14 16:32:01,756 [NonParallelWorker] INFO Translate__Google.Utility.lognet - ClickAndSendKeys
2022-08-14 16:32:01,927 [NonParallelWorker] INFO Translate__Google.Utility.lognet - SelectElement
2022-08-14 16:32:04,097 [NonParallelWorker] INFO Translate__Google.Utility.lognet - Navigate URL
2022-08-14 16:32:04,288 [NonParallelWorker] INFO Translate__Google.Utility.lognet - DriverClose
2022-08-14 16:32:12,095 [NonParallelWorker] INFO Translate__Google.Utility.lognet - flushReport
2022-08-14 16:32:12,095 [NonParallelWorker] INFO Translate__Google.Utility.lognet - Driver Close
2022-08-14 16:35:27,547 [NonParallelWorker] INFO Translate__Google.Utility.lognet - generateReport
2022-08-14 16:35:27,558 [NonParallelWorker] INFO Translate__Google.Utility.lognet - Generate report
2022-08-14 16:35:29,072 [NonParallelWorker] INFO Translate__Google.Utility.lognet - InitializeDriver
2022-08-14 16:35:29,072 [NonParallelWorker] INFO Translate__Google.Utility.lognet - Initialize Driver
2022-08-14 16:35:30,445 [NonParallelWorker] INFO Translate__Google.Utility.lognet - NavigateURL
2022-08-14 16:35:30,754 [NonParallelWorker] INFO Translate__Google.Utility.lognet - ClickAndSendKeys
2022-08-14 16:35:30,941 [NonParallelWorker] INFO Translate__Google.Utility.lognet - SelectElement
2022-08-14 16:35:35,284 [NonParallelWorker] INFO Translate__Google.Utility.lognet - DriverClose
2022-08-14 16:35:42,932 [NonParallelWorker] INFO Translate__Google.Utility.lognet - flushReport
2022-08-14 16:35:42,933 [NonParallelWorker] INFO Translate__Google.Utility.lognet - Driver Close
2022-08-14 16:36:53,036 [NonParallelWorker] INFO Translate__Google.Utility.lognet - generateReport
2022-08-14 16:36:53,047 [NonParallelWorker] INFO Translate__Google.Utility.lognet - Generate report
2022-08-14 16:36:54,405 [NonParallelWorker] INFO Translate__Google.Utility.lognet - InitializeDriver
2022-08-14 16:36:54,405 [NonParallelWorker] INFO Translate__Google.Utility.lognet - Initialize Driver
2022-08-14 16:36:55,857 [NonParallelWorker] INFO Translate__Google.Utility.lognet - NavigateURL
2022-08-14 16:36:56,160 [NonParallelWorker] INFO Translate__Google.Utility.lognet - ClickAndSendKeys
2022-08-14 16:36:56,332 [NonParallelWorker] INFO Translate__Google.Utility.lognet - SelectElement
2022-08-14 16:36:56,693 [NonParallelWorker] INFO Translate__Google.Utility.lognet - DriverClose
2022-08-14 16:37:04,429 [NonParallelWorker] INFO Translate__Google.Utility.lognet - flushReport
2022-08-14 16:37:04,429 [NonParallelWorker] INFO Translate__Google.Utility.lognet - Driver Close
2022-08-14 16:56:21,179 [NonParallelWorker] INFO Translate__Google.Utility.lognet - generateReport
2022-08-14 16:56:21,190 [NonParallelWorker] INFO Translate__Google.Utility.lognet - Generate report
2022-08-14 16:56:22,625 [NonParallelWorker] INFO Translate__Google.Utility.lognet - InitializeDriver
2022-08-14 16:56:22,625 [NonParallelWorker] INFO Translate__Google.Utility.lognet - Initialize Driver
2022-08-14 16:56:24,205 [NonParallelWorker] INFO Translate__Google.Utility.lognet - NavigateURL
2022-08-14 16:56:24,484 [NonParallelWorker] INFO Translate__Google.Utility.lognet - ClickAndSendKeys
2022-08-14 16:56:24,626 [NonParallelWorker] INFO Translate__Google.Utility.lognet - SelectElement
2022-08-14 16:56:25,120 [NonParallelWorker] INFO Translate__Google.Utility.lognet - DriverClose
2022-08-14 16:56:32,795 [NonParallelWorker] INFO Translate__Google.Utility.lognet - flushReport
2022-08-14 16:56:32,795 [NonParallelWorker] INFO Translate__Google.Utility.lognet - Driver Close
2022-08-14 16:57:33,522 [NonParallelWorker] INFO Translate__Google.Utility.lognet - generateReport
2022-08-14 16:57:33,536 [NonParallelWorker] INFO Translate__Google.Utility.lognet - Generate report
2022-08-14 16:57:34,938 [NonParallelWorker] INFO Translate__Google.Utility.lognet - InitializeDriver
2022-08-14 16:57:34,938 [NonParallelWorker] INFO Translate__Google.Utility.lognet - Initialize Driver
2022-08-14 16:57:37,646 [NonParallelWorker] INFO Translate__Google.Utility.lognet - NavigateURL
2022-08-14 16:57:37,922 [NonParallelWorker] INFO Translate__Google.Utility.lognet - ClickAndSendKeys
2022-08-14 16:57:38,055 [NonParallelWorker] INFO Translate__Google.Utility.lognet - SelectElement
2022-08-14 16:57:42,348 [NonParallelWorker] INFO Translate__Google.Utility.lognet - DriverClose
2022-08-14 16:57:50,134 [NonParallelWorker] INFO Translate__Google.Utility.lognet - flushReport
2022-08-14 16:57:50,135 [NonParallelWorker] INFO Translate__Google.Utility.lognet - Driver Close
2022-08-14 16:58:36,067 [NonParallelWorker] INFO Translate__Google.Utility.lognet - generateReport
2022-08-14 16:58:36,077 [NonParallelWorker] INFO Translate__Google.Utility.lognet - Generate report
2022-08-14 16:58:37,641 [NonParallelWorker] INFO Translate__Google.Utility.lognet - InitializeDriver
2022-08-14 16:58:37,641 [NonParallelWorker] INFO Translate__Google.Utility.lognet - Initialize Driver
2022-08-14 16:58:44,137 [NonParallelWorker] INFO Translate__Google.Utility.lognet - NavigateURL
2022-08-14 16:58:44,446 [NonParallelWorker] INFO Translate__Google.Utility.lognet - ClickAndSendKeys
2022-08-14 16:58:44,720 [NonParallelWorker] INFO Translate__Google.Utility.lognet - SelectElement
2022-08-14 16:58:49,209 [NonParallelWorker] INFO Translate__Google.Utility.lognet - DriverClose
2022-08-14 16:58:56,843 [NonParallelWorker] INFO Translate__Google.Utility.lognet - flushReport
2022-08-14 16:58:56,844 [NonParallelWorker] INFO Translate__Google.Utility.lognet - Driver Close
2022-08-14 17:14:06,430 [NonParallelWorker] INFO Translate__Google.Utility.lognet - generateReport
2022-08-14 17:14:06,441 [NonParallelWorker] INFO Translate__Google.Utility.lognet - Generate report
2022-08-14 17:14:07,868 [NonParallelWorker] INFO Translate__Google.Utility.lognet - InitializeDriver
2022-08-14 17:14:07,868 [NonParallelWorker] INFO Translate__Google.Utility.lognet - Initialize Driver
2022-08-14 17:14:18,019 [NonParallelWorker] INFO Translate__Google.Utility.lognet - NavigateURL
2022-08-14 17:14:18,324 [NonParallelWorker] INFO Translate__Google.Utility.lognet - ClickAndSendKeys
2022-08-14 17:14:18,522 [NonParallelWorker] INFO Translate__Google.Utility.lognet - SelectElement
2022-08-14 17:14:18,872 [NonParallelWorker] INFO Translate__Google.Utility.lognet - DriverClose
2022-08-14 17:14:26,694 [NonParallelWorker] INFO Translate__Google.Utility.lognet - flushReport
2022-08-14 17:14:26,694 [NonParallelWorker] INFO Translate__Google.Utility.lognet - Driver Close
2022-08-14 17:15:10,037 [NonParallelWorker] INFO Translate__Google.Utility.lognet - generateReport
2022-08-14 17:15:10,048 [NonParallelWorker] INFO Translate__Google.Utility.lognet - Generate report
2022-08-14 17:15:11,679 [NonParallelWorker] INFO Translate__Google.Utility.lognet - InitializeDriver
2022-08-14 17:15:11,679 [NonParallelWorker] INFO Translate__Google.Utility.lognet - Initialize Driver
2022-08-14 17:20:49,232 [NonParallelWorker] INFO Translate__Google.Utility.lognet - generateReport
2022-08-14 17:20:49,242 [NonParallelWorker] INFO Translate__Google.Utility.lognet - Generate report
2022-08-14 17:20:50,709 [NonParallelWorker] INFO Translate__Google.Utility.lognet - InitializeDriver
2022-08-14 17:20:50,710 [NonParallelWorker] INFO Translate__Google.Utility.lognet - Initialize Driver
2022-08-14 17:20:57,600 [NonParallelWorker] INFO Translate__Google.Utility.lognet - ClickAndSendKeys
2022-08-14 17:20:57,773 [NonParallelWorker] INFO Translate__Google.Utility.lognet - SelectElement
2022-08-14 17:20:58,251 [NonParallelWorker] INFO Translate__Google.Utility.lognet - DriverClose
2022-08-14 17:21:06,217 [NonParallelWorker] INFO Translate__Google.Utility.lognet - flushReport
2022-08-14 17:21:06,217 [NonParallelWorker] INFO Translate__Google.Utility.lognet - Driver Close
2022-08-14 17:22:20,504 [NonParallelWorker] INFO Translate__Google.Utility.lognet - generateReport
2022-08-14 17:22:20,514 [NonParallelWorker] INFO Translate__Google.Utility.lognet - Generate report
2022-08-14 17:22:21,989 [NonParallelWorker] INFO Translate__Google.Utility.lognet - InitializeDriver
2022-08-14 17:22:21,990 [NonParallelWorker] INFO Translate__Google.Utility.lognet - Initialize Driver
2022-08-14 17:22:28,837 [NonParallelWorker] INFO Translate__Google.Utility.lognet - ClickAndSendKeys
2022-08-14 17:22:29,102 [NonParallelWorker] INFO Translate__Google.Utility.lognet - SelectElement
2022-08-14 17:22:29,700 [NonParallelWorker] INFO Translate__Google.Utility.lognet - DriverClose
2022-08-14 17:22:37,493 [NonParallelWorker] INFO Translate__Google.Utility.lognet - flushReport
2022-08-14 17:22:37,495 [NonParallelWorker] INFO Translate__Google.Utility.lognet - Driver Close
2022-08-14 17:23:07,743 [NonParallelWorker] INFO Translate__Google.Utility.lognet - generateReport
2022-08-14 17:23:07,753 [NonParallelWorker] INFO Translate__Google.Utility.lognet - Generate report
2022-08-14 17:23:09,238 [NonParallelWorker] INFO Translate__Google.Utility.lognet - InitializeDriver
2022-08-14 17:23:09,238 [NonParallelWorker] INFO Translate__Google.Utility.lognet - Initialize Driver
2022-08-14 17:23:15,743 [NonParallelWorker] INFO Translate__Google.Utility.lognet - ClickAndSendKeys
2022-08-14 17:23:15,937 [NonParallelWorker] INFO Translate__Google.Utility.lognet - SelectElement
2022-08-14 17:23:15,982 [NonParallelWorker] INFO Translate__Google.Utility.lognet - ClickAndSendKeys
2022-08-14 17:23:21,353 [NonParallelWorker] INFO Translate__Google.Utility.lognet - DriverClose
2022-08-14 17:23:29,184 [NonParallelWorker] INFO Translate__Google.Utility.lognet - flushReport
2022-08-14 17:23:29,184 [NonParallelWorker] INFO Translate__Google.Utility.lognet - Driver Close
2022-08-14 17:23:52,818 [NonParallelWorker] INFO Translate__Google.Utility.lognet - generateReport
2022-08-14 17:23:52,828 [NonParallelWorker] INFO Translate__Google.Utility.lognet - Generate report
2022-08-14 17:23:54,280 [NonParallelWorker] INFO Translate__Google.Utility.lognet - InitializeDriver
2022-08-14 17:23:54,280 [NonParallelWorker] INFO Translate__Google.Utility.lognet - Initialize Driver
2022-08-14 17:24:01,102 [NonParallelWorker] INFO Translate__Google.Utility.lognet - ClickAndSendKeys
2022-08-14 17:24:01,286 [NonParallelWorker] INFO Translate__Google.Utility.lognet - SelectElement
2022-08-14 17:24:03,422 [NonParallelWorker] INFO Translate__Google.Utility.lognet - Navigate URL
2022-08-14 17:24:07,608 [NonParallelWorker] INFO Translate__Google.Utility.lognet - DriverClose
2022-08-14 17:24:15,391 [NonParallelWorker] INFO Translate__Google.Utility.lognet - flushReport
2022-08-14 17:24:15,391 [NonParallelWorker] INFO Translate__Google.Utility.lognet - Driver Close
2022-08-14 17:27:24,072 [NonParallelWorker] INFO Translate__Google.Utility.lognet - generateReport
2022-08-14 17:27:24,085 [NonParallelWorker] INFO Translate__Google.Utility.lognet - Generate report
2022-08-14 17:27:25,560 [NonParallelWorker] INFO Translate__Google.Utility.lognet - InitializeDriver
2022-08-14 17:27:25,561 [NonParallelWorker] INFO Translate__Google.Utility.lognet - Initialize Driver
2022-08-14 17:27:32,412 [NonParallelWorker] INFO Translate__Google.Utility.lognet - ClickAndSendKeys
2022-08-14 17:27:32,613 [NonParallelWorker] INFO Translate__Google.Utility.lognet - SelectElement
2022-08-14 17:27:34,739 [NonParallelWorker] INFO Translate__Google.Utility.lognet - SelectElement
2022-08-14 17:27:34,914 [NonParallelWorker] INFO Translate__Google.Utility.lognet - Navigate URL
2022-08-14 17:27:39,084 [NonParallelWorker] INFO Translate__Google.Utility.lognet - DriverClose
2022-08-14 17:27:46,941 [NonParallelWorker] INFO Translate__Google.Utility.lognet - flushReport
2022-08-14 17:27:46,941 [NonParallelWorker] INFO Translate__Google.Utility.lognet - Driver Close
2022-08-14 17:28:13,593 [NonParallelWorker] INFO Translate__Google.Utility.lognet - generateReport
2022-08-14 17:28:13,603 [NonParallelWorker] INFO Translate__Google.Utility.lognet - Generate report
2022-08-14 17:28:15,057 [NonParallelWorker] INFO Translate__Google.Utility.lognet - InitializeDriver
2022-08-14 17:28:15,057 [NonParallelWorker] INFO Translate__Google.Utility.lognet - Initialize Driver
2022-08-14 17:28:21,957 [NonParallelWorker] INFO Translate__Google.Utility.lognet - ClickAndSendKeys
2022-08-14 17:28:22,136 [NonParallelWorker] INFO Translate__Google.Utility.lognet - SelectElement
2022-08-14 17:28:24,279 [NonParallelWorker] INFO Translate__Google.Utility.lognet - SelectElement
2022-08-14 17:28:24,487 [NonParallelWorker] INFO Translate__Google.Utility.lognet - Navigate URL
2022-08-14 17:28:28,650 [NonParallelWorker] INFO Translate__Google.Utility.lognet - DriverClose
2022-08-14 17:28:37,117 [NonParallelWorker] INFO Translate__Google.Utility.lognet - flushReport
2022-08-14 17:28:37,117 [NonParallelWorker] INFO Translate__Google.Utility.lognet - Driver Close
2022-08-14 17:29:08,604 [NonParallelWorker] INFO Translate__Google.Utility.lognet - generateReport
2022-08-14 17:29:08,617 [NonParallelWorker] INFO Translate__Google.Utility.lognet - Generate report
2022-08-14 17:29:10,234 [NonParallelWorker] INFO Translate__Google.Utility.lognet - InitializeDriver
2022-08-14 17:29:10,234 [NonParallelWorker] INFO Translate__Google.Utility.lognet - Initialize Driver
2022-08-14 17:29:16,962 [NonParallelWorker] INFO Translate__Google.Utility.lognet - ClickAndSendKeys
2022-08-14 17:29:17,178 [NonParallelWorker] INFO Translate__Google.Utility.lognet - SelectElement
2022-08-14 17:29:22,313 [NonParallelWorker] INFO Translate__Google.Utility.lognet - SelectElement
2022-08-14 17:29:27,443 [NonParallelWorker] INFO Translate__Google.Utility.lognet - Navigate URL
2022-08-14 17:29:27,694 [NonParallelWorker] INFO Translate__Google.Utility.lognet - DriverClose
2022-08-14 17:29:35,410 [NonParallelWorker] INFO Translate__Google.Utility.lognet - flushReport
2022-08-14 17:29:35,410 [NonParallelWorker] INFO Translate__Google.Utility.lognet - Driver Close
2022-08-14 17:30:40,108 [NonParallelWorker] INFO Translate__Google.Utility.lognet - generateReport
2022-08-14 17:30:40,117 [NonParallelWorker] INFO Translate__Google.Utility.lognet - Generate report
2022-08-14 17:30:41,428 [NonParallelWorker] INFO Translate__Google.Utility.lognet - InitializeDriver
2022-08-14 17:30:41,429 [NonParallelWorker] INFO Translate__Google.Utility.lognet - Initialize Driver
2022-08-14 17:30:48,192 [NonParallelWorker] INFO Translate__Google.Utility.lognet - ClickAndSendKeys
2022-08-14 17:30:48,439 [NonParallelWorker] INFO Translate__Google.Utility.lognet - SelectElement
2022-08-14 17:30:49,036 [NonParallelWorker] INFO Translate__Google.Utility.lognet - SelectElement
2022-08-14 17:30:54,168 [NonParallelWorker] INFO Translate__Google.Utility.lognet - Navigate URL
2022-08-14 17:30:54,450 [NonParallelWorker] INFO Translate__Google.Utility.lognet - DriverClose
2022-08-14 17:31:02,182 [NonParallelWorker] INFO Translate__Google.Utility.lognet - flushReport
2022-08-14 17:31:02,182 [NonParallelWorker] INFO Translate__Google.Utility.lognet - Driver Close
2022-08-14 17:31:16,075 [NonParallelWorker] INFO Translate__Google.Utility.lognet - generateReport
2022-08-14 17:31:16,086 [NonParallelWorker] INFO Translate__Google.Utility.lognet - Generate report
2022-08-14 17:31:17,558 [NonParallelWorker] INFO Translate__Google.Utility.lognet - InitializeDriver
2022-08-14 17:31:17,558 [NonParallelWorker] INFO Translate__Google.Utility.lognet - Initialize Driver
2022-08-14 17:31:24,860 [NonParallelWorker] INFO Translate__Google.Utility.lognet - ClickAndSendKeys
2022-08-14 17:31:25,088 [NonParallelWorker] INFO Translate__Google.Utility.lognet - SelectElement
2022-08-14 17:31:30,466 [NonParallelWorker] INFO Translate__Google.Utility.lognet - SelectElement
2022-08-14 17:31:35,604 [NonParallelWorker] INFO Translate__Google.Utility.lognet - Navigate URL
2022-08-14 17:31:39,802 [NonParallelWorker] INFO Translate__Google.Utility.lognet - DriverClose
2022-08-14 17:31:47,581 [NonParallelWorker] INFO Translate__Google.Utility.lognet - flushReport
2022-08-14 17:31:47,581 [NonParallelWorker] INFO Translate__Google.Utility.lognet - Driver Close
2022-08-14 17:32:15,732 [NonParallelWorker] INFO Translate__Google.Utility.lognet - generateReport
2022-08-14 17:32:15,742 [NonParallelWorker] INFO Translate__Google.Utility.lognet - Generate report
2022-08-14 17:32:17,200 [NonParallelWorker] INFO Translate__Google.Utility.lognet - InitializeDriver
2022-08-14 17:32:17,201 [NonParallelWorker] INFO Translate__Google.Utility.lognet - Initialize Driver
2022-08-14 17:32:24,098 [NonParallelWorker] INFO Translate__Google.Utility.lognet - ClickAndSendKeys
2022-08-14 17:32:24,320 [NonParallelWorker] INFO Translate__Google.Utility.lognet - SelectElement
2022-08-14 17:32:29,675 [NonParallelWorker] INFO Translate__Google.Utility.lognet - SelectElement
2022-08-14 17:32:34,804 [NonParallelWorker] INFO Translate__Google.Utility.lognet - Navigate URL
2022-08-14 17:32:34,993 [NonParallelWorker] INFO Translate__Google.Utility.lognet - DriverClose
2022-08-14 17:32:42,753 [NonParallelWorker] INFO Translate__Google.Utility.lognet - flushReport
2022-08-14 17:32:42,753 [NonParallelWorker] INFO Translate__Google.Utility.lognet - Driver Close
2022-08-14 17:34:46,324 [NonParallelWorker] INFO Translate__Google.Utility.lognet - generateReport
2022-08-14 17:34:46,335 [NonParallelWorker] INFO Translate__Google.Utility.lognet - Generate report
2022-08-14 17:34:47,828 [NonParallelWorker] INFO Translate__Google.Utility.lognet - InitializeDriver
2022-08-14 17:34:47,828 [NonParallelWorker] INFO Translate__Google.Utility.lognet - Initialize Driver
2022-08-14 17:34:54,589 [NonParallelWorker] INFO Translate__Google.Utility.lognet - ClickAndSendKeys
2022-08-14 17:34:54,731 [NonParallelWorker] INFO Translate__Google.Utility.lognet - SelectElement
2022-08-14 17:35:00,167 [NonParallelWorker] INFO Translate__Google.Utility.lognet - SelectElement
2022-08-14 17:35:05,299 [NonParallelWorker] INFO Translate__Google.Utility.lognet - Navigate URL
2022-08-14 17:35:05,625 [NonParallelWorker] INFO Translate__Google.Utility.lognet - DriverClose
2022-08-14 17:35:13,448 [NonParallelWorker] INFO Translate__Google.Utility.lognet - flushReport
2022-08-14 17:35:13,448 [NonParallelWorker] INFO Translate__Google.Utility.lognet - Driver Close
2022-08-14 17:37:16,325 [NonParallelWorker] INFO Translate__Google.Utility.lognet - generateReport
2022-08-14 17:37:16,335 [NonParallelWorker] INFO Translate__Google.Utility.lognet - Generate report
2022-08-14 17:37:17,771 [NonParallelWorker] INFO Translate__Google.Utility.lognet - InitializeDriver
2022-08-14 17:37:17,771 [NonParallelWorker] INFO Translate__Google.Utility.lognet - Initialize Driver
2022-08-14 17:37:24,707 [NonParallelWorker] INFO Translate__Google.Utility.lognet - ClickAndSendKeys
2022-08-14 17:37:24,915 [NonParallelWorker] INFO Translate__Google.Utility.lognet - SelectElement
2022-08-14 17:37:30,277 [NonParallelWorker] INFO Translate__Google.Utility.lognet - SelectElement
2022-08-14 17:37:40,694 [NonParallelWorker] INFO Translate__Google.Utility.lognet - DriverClose
2022-08-14 17:37:48,418 [NonParallelWorker] INFO Translate__Google.Utility.lognet - flushReport
2022-08-14 17:37:48,418 [NonParallelWorker] INFO Translate__Google.Utility.lognet - Driver Close
2022-08-14 17:39:06,750 [NonParallelWorker] INFO Translate__Google.Utility.lognet - generateReport
2022-08-14 17:39:06,762 [NonParallelWorker] INFO Translate__Google.Utility.lognet - Generate report
2022-08-14 17:39:08,254 [NonParallelWorker] INFO Translate__Google.Utility.lognet - InitializeDriver
2022-08-14 17:39:08,255 [NonParallelWorker] INFO Translate__Google.Utility.lognet - Initialize Driver
2022-08-14 17:39:15,483 [NonParallelWorker] INFO Translate__Google.Utility.lognet - ClickAndSendKeys
2022-08-14 17:39:15,653 [NonParallelWorker] INFO Translate__Google.Utility.lognet - SelectElement
2022-08-14 17:39:20,974 [NonParallelWorker] INFO Translate__Google.Utility.lognet - SelectElement
2022-08-14 17:39:31,451 [NonParallelWorker] INFO Translate__Google.Utility.lognet - DriverClose
2022-08-14 17:39:39,274 [NonParallelWorker] INFO Translate__Google.Utility.lognet - flushReport
2022-08-14 17:39:39,274 [NonParallelWorker] INFO Translate__Google.Utility.lognet - Driver Close
2022-08-14 17:42:22,547 [NonParallelWorker] INFO Translate__Google.Utility.lognet - generateReport
2022-08-14 17:42:22,558 [NonParallelWorker] INFO Translate__Google.Utility.lognet - Generate report
2022-08-14 17:42:24,014 [NonParallelWorker] INFO Translate__Google.Utility.lognet - InitializeDriver
2022-08-14 17:42:24,014 [NonParallelWorker] INFO Translate__Google.Utility.lognet - Initialize Driver
2022-08-14 17:42:30,868 [NonParallelWorker] INFO Translate__Google.Utility.lognet - ClickAndSendKeys
2022-08-14 17:42:31,026 [NonParallelWorker] INFO Translate__Google.Utility.lognet - SelectElement
2022-08-14 17:42:36,417 [NonParallelWorker] INFO Translate__Google.Utility.lognet - SelectElement
2022-08-14 17:42:46,878 [NonParallelWorker] INFO Translate__Google.Utility.lognet - DriverClose
2022-08-14 17:42:54,756 [NonParallelWorker] INFO Translate__Google.Utility.lognet - flushReport
2022-08-14 17:42:54,757 [NonParallelWorker] INFO Translate__Google.Utility.lognet - Driver Close
2022-08-14 17:43:34,590 [NonParallelWorker] INFO Translate__Google.Utility.lognet - generateReport
2022-08-14 17:43:34,602 [NonParallelWorker] INFO Translate__Google.Utility.lognet - Generate report
2022-08-14 17:43:36,142 [NonParallelWorker] INFO Translate__Google.Utility.lognet - InitializeDriver
2022-08-14 17:43:36,143 [NonParallelWorker] INFO Translate__Google.Utility.lognet - Initialize Driver
2022-08-14 17:43:43,100 [NonParallelWorker] INFO Translate__Google.Utility.lognet - ClickAndSendKeys
2022-08-14 17:43:43,303 [NonParallelWorker] INFO Translate__Google.Utility.lognet - SelectElement
2022-08-14 17:43:48,662 [NonParallelWorker] INFO Translate__Google.Utility.lognet - SelectElement
2022-08-14 17:43:58,945 [NonParallelWorker] INFO Translate__Google.Utility.lognet - SelectElement
2022-08-14 17:43:59,073 [NonParallelWorker] INFO Translate__Google.Utility.lognet - SelectElement
2022-08-14 17:44:04,200 [NonParallelWorker] INFO Translate__Google.Utility.lognet - Navigate URL
2022-08-14 17:44:04,548 [NonParallelWorker] INFO Translate__Google.Utility.lognet - DriverClose
2022-08-14 17:44:12,388 [NonParallelWorker] INFO Translate__Google.Utility.lognet - flushReport
2022-08-14 17:44:12,388 [NonParallelWorker] INFO Translate__Google.Utility.lognet - Driver Close
2022-08-14 17:46:08,713 [NonParallelWorker] INFO Translate__Google.Utility.lognet - generateReport
2022-08-14 17:46:08,727 [NonParallelWorker] INFO Translate__Google.Utility.lognet - Generate report
2022-08-14 17:46:10,151 [NonParallelWorker] INFO Translate__Google.Utility.lognet - InitializeDriver
2022-08-14 17:46:10,151 [NonParallelWorker] INFO Translate__Google.Utility.lognet - Initialize Driver
2022-08-14 17:46:17,088 [NonParallelWorker] INFO Translate__Google.Utility.lognet - ClickAndSendKeys
2022-08-14 17:46:17,310 [NonParallelWorker] INFO Translate__Google.Utility.lognet - SelectElement
2022-08-14 17:46:22,704 [NonParallelWorker] INFO Translate__Google.Utility.lognet - SelectElement
2022-08-14 17:46:33,016 [NonParallelWorker] INFO Translate__Google.Utility.lognet - SelectElement
2022-08-14 17:46:33,162 [NonParallelWorker] INFO Translate__Google.Utility.lognet - SelectElement
2022-08-14 17:46:38,296 [NonParallelWorker] INFO Translate__Google.Utility.lognet - Navigate URL
2022-08-14 17:46:38,499 [NonParallelWorker] INFO Translate__Google.Utility.lognet - DriverClose
2022-08-14 17:46:46,350 [NonParallelWorker] INFO Translate__Google.Utility.lognet - flushReport
2022-08-14 17:46:46,351 [NonParallelWorker] INFO Translate__Google.Utility.lognet - Driver Close
2022-08-14 17:47:57,022 [NonParallelWorker] INFO Translate__Google.Utility.lognet - generateReport
2022-08-14 17:47:57,032 [NonParallelWorker] INFO Translate__Google.Utility.lognet - Generate report
2022-08-14 17:47:58,447 [NonParallelWorker] INFO Translate__Google.Utility.lognet - InitializeDriver
2022-08-14 17:47:58,447 [NonParallelWorker] INFO Translate__Google.Utility.lognet - Initialize Driver
2022-08-14 17:48:05,341 [NonParallelWorker] INFO Translate__Google.Utility.lognet - ClickAndSendKeys
2022-08-14 17:48:05,582 [NonParallelWorker] INFO Translate__Google.Utility.lognet - SelectElement
2022-08-14 17:48:10,967 [NonParallelWorker] INFO Translate__Google.Utility.lognet - SelectElement
2022-08-14 17:48:21,245 [NonParallelWorker] INFO Translate__Google.Utility.lognet - SelectElement
2022-08-14 17:48:21,360 [NonParallelWorker] INFO Translate__Google.Utility.lognet - SelectElement
2022-08-14 17:48:26,486 [NonParallelWorker] INFO Translate__Google.Utility.lognet - Navigate URL
2022-08-14 17:48:30,649 [NonParallelWorker] INFO Translate__Google.Utility.lognet - DriverClose
2022-08-14 17:48:38,303 [NonParallelWorker] INFO Translate__Google.Utility.lognet - flushReport
2022-08-14 17:48:38,303 [NonParallelWorker] INFO Translate__Google.Utility.lognet - Driver Close
2022-08-14 17:49:09,855 [NonParallelWorker] INFO Translate__Google.Utility.lognet - generateReport
2022-08-14 17:49:09,866 [NonParallelWorker] INFO Translate__Google.Utility.lognet - Generate report
2022-08-14 17:49:11,238 [NonParallelWorker] INFO Translate__Google.Utility.lognet - InitializeDriver
2022-08-14 17:49:11,239 [NonParallelWorker] INFO Translate__Google.Utility.lognet - Initialize Driver
2022-08-14 17:49:18,139 [NonParallelWorker] INFO Translate__Google.Utility.lognet - ClickAndSendKeys
2022-08-14 17:49:18,326 [NonParallelWorker] INFO Translate__Google.Utility.lognet - SelectElement
2022-08-14 17:49:23,712 [NonParallelWorker] INFO Translate__Google.Utility.lognet - SelectElement
2022-08-14 17:49:34,028 [NonParallelWorker] INFO Translate__Google.Utility.lognet - SelectElement
2022-08-14 17:49:34,191 [NonParallelWorker] INFO Translate__Google.Utility.lognet - SelectElement
2022-08-14 17:49:39,316 [NonParallelWorker] INFO Translate__Google.Utility.lognet - Navigate URL
2022-08-14 17:49:39,501 [NonParallelWorker] INFO Translate__Google.Utility.lognet - DriverClose
2022-08-14 17:49:47,243 [NonParallelWorker] INFO Translate__Google.Utility.lognet - flushReport
2022-08-14 17:49:47,243 [NonParallelWorker] INFO Translate__Google.Utility.lognet - Driver Close
2022-08-14 17:50:39,338 [NonParallelWorker] INFO Translate__Google.Utility.lognet - generateReport
2022-08-14 17:50:39,348 [NonParallelWorker] INFO Translate__Google.Utility.lognet - Generate report
2022-08-14 17:50:40,709 [NonParallelWorker] INFO Translate__Google.Utility.lognet - InitializeDriver
2022-08-14 17:50:40,709 [NonParallelWorker] INFO Translate__Google.Utility.lognet - Initialize Driver
2022-08-14 17:50:48,325 [NonParallelWorker] INFO Translate__Google.Utility.lognet - ClickAndSendKeys
2022-08-14 17:50:48,487 [NonParallelWorker] INFO Translate__Google.Utility.lognet - SelectElement
2022-08-14 17:50:53,847 [NonParallelWorker] INFO Translate__Google.Utility.lognet - SelectElement
2022-08-14 17:51:04,119 [NonParallelWorker] INFO Translate__Google.Utility.lognet - SelectElement
2022-08-14 17:51:04,250 [NonParallelWorker] INFO Translate__Google.Utility.lognet - SelectElement
2022-08-14 17:51:09,381 [NonParallelWorker] INFO Translate__Google.Utility.lognet - Navigate URL
2022-08-14 17:51:13,569 [NonParallelWorker] INFO Translate__Google.Utility.lognet - DriverClose
2022-08-14 17:51:20,797 [NonParallelWorker] INFO Translate__Google.Utility.lognet - flushReport
2022-08-14 17:51:20,797 [NonParallelWorker] INFO Translate__Google.Utility.lognet - Driver Close
2022-08-14 17:52:52,059 [NonParallelWorker] INFO Translate__Google.Utility.lognet - generateReport
2022-08-14 17:52:52,069 [NonParallelWorker] INFO Translate__Google.Utility.lognet - Generate report
2022-08-14 17:52:53,559 [NonParallelWorker] INFO Translate__Google.Utility.lognet - InitializeDriver
2022-08-14 17:52:53,559 [NonParallelWorker] INFO Translate__Google.Utility.lognet - Initialize Driver
2022-08-14 17:52:55,491 [NonParallelWorker] INFO Translate__Google.Utility.lognet - ClickAndSendKeys
2022-08-14 17:52:55,647 [NonParallelWorker] INFO Translate__Google.Utility.lognet - SelectElement
2022-08-14 17:53:06,906 [NonParallelWorker] INFO Translate__Google.Utility.lognet - SelectElement
2022-08-14 17:53:17,192 [NonParallelWorker] INFO Translate__Google.Utility.lognet - SelectElement
2022-08-14 17:53:17,319 [NonParallelWorker] INFO Translate__Google.Utility.lognet - SelectElement
2022-08-14 17:53:22,446 [NonParallelWorker] INFO Translate__Google.Utility.lognet - Navigate URL
2022-08-14 17:53:22,647 [NonParallelWorker] INFO Translate__Google.Utility.lognet - DriverClose
2022-08-14 17:53:30,308 [NonParallelWorker] INFO Translate__Google.Utility.lognet - flushReport
2022-08-14 17:53:30,308 [NonParallelWorker] INFO Translate__Google.Utility.lognet - Driver Close
2022-08-14 18:04:03,156 [NonParallelWorker] INFO Translate__Google.Utility.lognet - generateReport
2022-08-14 18:04:03,165 [NonParallelWorker] INFO Translate__Google.Utility.lognet - Generate report
2022-08-14 18:04:04,630 [NonParallelWorker] INFO Translate__Google.Utility.lognet - InitializeDriver
2022-08-14 18:04:04,630 [NonParallelWorker] INFO Translate__Google.Utility.lognet - Initialize Driver
2022-08-14 18:04:06,534 [NonParallelWorker] INFO Translate__Google.Utility.lognet - ClickAndSendKeys
2022-08-14 18:04:06,681 [NonParallelWorker] INFO Translate__Google.Utility.lognet - SelectElement
2022-08-14 18:04:12,815 [NonParallelWorker] INFO Translate__Google.Utility.lognet - Navigate URL
2022-08-14 18:04:13,090 [NonParallelWorker] INFO Translate__Google.Utility.lognet - DriverClose
2022-08-14 18:04:20,824 [NonParallelWorker] INFO Translate__Google.Utility.lognet - flushReport
2022-08-14 18:04:20,824 [NonParallelWorker] INFO Translate__Google.Utility.lognet - Driver Close
2022-08-14 18:04:22,544 [NonParallelWorker] INFO Translate__Google.Utility.lognet - InitializeDriver
2022-08-14 18:04:22,544 [NonParallelWorker] INFO Translate__Google.Utility.lognet - Initialize Driver
2022-08-14 18:04:24,531 [NonParallelWorker] INFO Translate__Google.Utility.lognet - ClickAndSendKeys
2022-08-14 18:04:29,653 [NonParallelWorker] INFO Translate__Google.Utility.lognet - SelectElement
2022-08-14 18:04:34,779 [NonParallelWorker] INFO Translate__Google.Utility.lognet - translate Hello ARABIC
2022-08-14 18:04:38,944 [NonParallelWorker] INFO Translate__Google.Utility.lognet - DriverClose
2022-08-14 18:04:40,959 [NonParallelWorker] INFO Translate__Google.Utility.lognet - flushReport
2022-08-14 18:04:40,960 [NonParallelWorker] INFO Translate__Google.Utility.lognet - Driver Close
2022-08-14 18:04:42,719 [NonParallelWorker] INFO Translate__Google.Utility.lognet - InitializeDriver
2022-08-14 18:04:42,719 [NonParallelWorker] INFO Translate__Google.Utility.lognet - Initialize Driver
2022-08-14 18:04:44,398 [NonParallelWorker] INFO Translate__Google.Utility.lognet - ClickAndSendKeys
2022-08-14 18:04:49,494 [NonParallelWorker] INFO Translate__Google.Utility.lognet - SelectElement
2022-08-14 18:04:49,811 [NonParallelWorker] INFO Translate__Google.Utility.lognet - DriverClose
2022-08-14 18:04:51,819 [NonParallelWorker] INFO Translate__Google.Utility.lognet - flushReport
2022-08-14 18:04:51,819 [NonParallelWorker] INFO Translate__Google.Utility.lognet - Driver Close
2022-08-14 18:05:27,851 [NonParallelWorker] INFO Translate__Google.Utility.lognet - generateReport
2022-08-14 18:05:27,861 [NonParallelWorker] INFO Translate__Google.Utility.lognet - Generate report
2022-08-14 18:05:29,227 [NonParallelWorker] INFO Translate__Google.Utility.lognet - InitializeDriver
2022-08-14 18:05:29,227 [NonParallelWorker] INFO Translate__Google.Utility.lognet - Initialize Driver
2022-08-14 18:05:30,924 [NonParallelWorker] INFO Translate__Google.Utility.lognet - ClickAndSendKeys
2022-08-14 18:05:36,081 [NonParallelWorker] INFO Translate__Google.Utility.lognet - SelectElement
2022-08-14 18:05:41,211 [NonParallelWorker] INFO Translate__Google.Utility.lognet - translate Example AFRIKAANS
2022-08-14 18:05:41,476 [NonParallelWorker] INFO Translate__Google.Utility.lognet - DriverClose
2022-08-14 18:05:49,328 [NonParallelWorker] INFO Translate__Google.Utility.lognet - flushReport
2022-08-14 18:05:49,328 [NonParallelWorker] INFO Translate__Google.Utility.lognet - Driver Close
2022-08-14 18:06:18,465 [NonParallelWorker] INFO Translate__Google.Utility.lognet - generateReport
2022-08-14 18:06:18,475 [NonParallelWorker] INFO Translate__Google.Utility.lognet - Generate report
2022-08-14 18:06:19,854 [NonParallelWorker] INFO Translate__Google.Utility.lognet - InitializeDriver
2022-08-14 18:06:19,854 [NonParallelWorker] INFO Translate__Google.Utility.lognet - Initialize Driver
2022-08-14 18:06:22,143 [NonParallelWorker] INFO Translate__Google.Utility.lognet - ClickAndSendKeys
2022-08-14 18:06:22,275 [NonParallelWorker] INFO Translate__Google.Utility.lognet - SelectElement
2022-08-14 18:06:28,410 [NonParallelWorker] INFO Translate__Google.Utility.lognet - Navigate URL
2022-08-14 18:06:28,643 [NonParallelWorker] INFO Translate__Google.Utility.lognet - DriverClose
2022-08-14 18:06:36,380 [NonParallelWorker] INFO Translate__Google.Utility.lognet - flushReport
2022-08-14 18:06:36,380 [NonParallelWorker] INFO Translate__Google.Utility.lognet - Driver Close
2022-08-14 18:06:38,261 [NonParallelWorker] INFO Translate__Google.Utility.lognet - InitializeDriver
2022-08-14 18:06:38,261 [NonParallelWorker] INFO Translate__Google.Utility.lognet - Initialize Driver
2022-08-14 18:06:39,917 [NonParallelWorker] INFO Translate__Google.Utility.lognet - ClickAndSendKeys
2022-08-14 18:06:45,070 [NonParallelWorker] INFO Translate__Google.Utility.lognet - SelectElement
2022-08-14 18:06:50,204 [NonParallelWorker] INFO Translate__Google.Utility.lognet - translate Hello ARABIC
2022-08-14 18:06:50,382 [NonParallelWorker] INFO Translate__Google.Utility.lognet - DriverClose
2022-08-14 18:06:52,395 [NonParallelWorker] INFO Translate__Google.Utility.lognet - flushReport
2022-08-14 18:06:52,395 [NonParallelWorker] INFO Translate__Google.Utility.lognet - Driver Close
2022-08-14 18:06:54,171 [NonParallelWorker] INFO Translate__Google.Utility.lognet - InitializeDriver
2022-08-14 18:06:54,171 [NonParallelWorker] INFO Translate__Google.Utility.lognet - Initialize Driver
2022-08-14 18:06:55,764 [NonParallelWorker] INFO Translate__Google.Utility.lognet - ClickAndSendKeys
2022-08-14 18:07:00,911 [NonParallelWorker] INFO Translate__Google.Utility.lognet - SelectElement
2022-08-14 18:07:06,042 [NonParallelWorker] INFO Translate__Google.Utility.lognet - translate Example AFRIKAANS
2022-08-14 18:07:10,191 [NonParallelWorker] INFO Translate__Google.Utility.lognet - DriverClose
2022-08-14 18:07:12,207 [NonParallelWorker] INFO Translate__Google.Utility.lognet - flushReport
2022-08-14 18:07:12,208 [NonParallelWorker] INFO Translate__Google.Utility.lognet - Driver Close
